<?xml version="1.0" encoding="UTF-8"?>
<!-- Generated by org.testng.reporters.JUnitReportReporter -->
<testsuite hostname="VM-COGNIZ142" name="test.TestCase" tests="1" failures="0" timestamp="29 Oct 2019 12:44:59 GMT" time="227.125" errors="0">
  <testcase name="addtocart" time="227.125" classname="test.TestCase"/>
</testsuite> <!-- test.TestCase -->
